<?xml version="1.0" encoding="UTF-8" standalone="no"?>
<testsuite errors="0" failures="4" name="io.cucumber.core.plugin.JUnitFormatter" skipped="0" tests="4" time="95.316">
    <testcase classname="US010 Shipping urun renk ve boyut secimi testi" name="TC01 Kullanici urune birden fazla renk secebilmeli" time="39.241">
        <failure message="element not interactable: Element is not currently visible and may not be manipulated&#10;  (Session info: chrome=107.0.5304.62)&#10;Build info: version: '4.1.3', revision: '7b1ebf28ef'&#10;System info: host: 'Orhan-MacBook-Air.local', ip: 'fe80:0:0:0:1872:9e07:ac6d:ad79%en0', os.name: 'Mac OS X', os.arch: 'aarch64', os.version: '13.0', java.version: '18.0.2.1'&#10;Driver info: org.openqa.selenium.chrome.ChromeDriver&#10;Command: [6ffa13a925f9ed72ecdb8b3ddf431e7b, clickElement {id=a9b82625-6667-4b47-ad06-f5dacad2cbd5}]&#10;Capabilities {acceptInsecureCerts: false, browserName: chrome, browserVersion: 107.0.5304.62, chrome: {chromedriverVersion: 107.0.5304.62 (1eec40d3a576..., userDataDir: /var/folders/2j/9_rxwkf529d...}, goog:chromeOptions: {debuggerAddress: localhost:50835}, javascriptEnabled: true, networkConnectionEnabled: false, pageLoadStrategy: normal, platform: MAC, platformName: MAC, proxy: Proxy(), se:cdp: ws://localhost:50835/devtoo..., se:cdpVersion: 107.0.5304.62, setWindowRect: true, strictFileInteractability: false, timeouts: {implicit: 0, pageLoad: 300000, script: 30000}, unhandledPromptBehavior: dismiss and notify, webauthn:extension:credBlob: true, webauthn:extension:largeBlob: true, webauthn:virtualAuthenticators: true}&#10;Element: [[[[ChromeDriver: chrome on MAC (6ffa13a925f9ed72ecdb8b3ddf431e7b)] -&gt; css selector: select#attributes_value_2]] -&gt; tag name: option]&#10;Session ID: 6ffa13a925f9ed72ecdb8b3ddf431e7b" type="org.openqa.selenium.ElementNotInteractableException"><![CDATA[Given Belirtilen URL'e gidilir..............................................passed
Then Sing In butonuna tiklanir..............................................passed
And E-mail ve password girisi yapmak icin textbox'larin acildigi dogrulanir.passed
And Acilan pencerede gecerli e-mail ve sifre girildikten sonra Sign In butonuna tiklanir.passed
And Basariyla giris yapildigi dogrulanir....................................passed
And Sayfanin en altinda bulunan My Account'a tiklanir.......................passed
And Acilan sayfada Store Manager secenegine tiklanir........................passed
And Store Manager penceresindeyken Products sekmesine tiklanir..............passed
And Sag ust kosede bulunan Add New butonuna tiklanir........................passed
And Acilan sayfanin Add Product sayfasi oldugu dogrulanir...................passed
And Acilan sayfada sol altta bulunan listede Shipping kismi tiklanir........passed
Then Acilan pencerede urunun rengi secilebilmeli birden fazla...............failed

StackTrace:
org.openqa.selenium.ElementNotInteractableException: element not interactable: Element is not currently visible and may not be manipulated
  (Session info: chrome=107.0.5304.62)
Build info: version: '4.1.3', revision: '7b1ebf28ef'
System info: host: 'Orhan-MacBook-Air.local', ip: 'fe80:0:0:0:1872:9e07:ac6d:ad79%en0', os.name: 'Mac OS X', os.arch: 'aarch64', os.version: '13.0', java.version: '18.0.2.1'
Driver info: org.openqa.selenium.chrome.ChromeDriver
Command: [6ffa13a925f9ed72ecdb8b3ddf431e7b, clickElement {id=a9b82625-6667-4b47-ad06-f5dacad2cbd5}]
Capabilities {acceptInsecureCerts: false, browserName: chrome, browserVersion: 107.0.5304.62, chrome: {chromedriverVersion: 107.0.5304.62 (1eec40d3a576..., userDataDir: /var/folders/2j/9_rxwkf529d...}, goog:chromeOptions: {debuggerAddress: localhost:50835}, javascriptEnabled: true, networkConnectionEnabled: false, pageLoadStrategy: normal, platform: MAC, platformName: MAC, proxy: Proxy(), se:cdp: ws://localhost:50835/devtoo..., se:cdpVersion: 107.0.5304.62, setWindowRect: true, strictFileInteractability: false, timeouts: {implicit: 0, pageLoad: 300000, script: 30000}, unhandledPromptBehavior: dismiss and notify, webauthn:extension:credBlob: true, webauthn:extension:largeBlob: true, webauthn:virtualAuthenticators: true}
Element: [[[[ChromeDriver: chrome on MAC (6ffa13a925f9ed72ecdb8b3ddf431e7b)] -> css selector: select#attributes_value_2]] -> tag name: option]
Session ID: 6ffa13a925f9ed72ecdb8b3ddf431e7b
	at java.base/jdk.internal.reflect.DirectConstructorHandleAccessor.newInstance(DirectConstructorHandleAccessor.java:67)
	at java.base/java.lang.reflect.Constructor.newInstanceWithCaller(Constructor.java:499)
	at java.base/java.lang.reflect.Constructor.newInstance(Constructor.java:483)
	at org.openqa.selenium.remote.codec.w3c.W3CHttpResponseCodec.createException(W3CHttpResponseCodec.java:200)
	at org.openqa.selenium.remote.codec.w3c.W3CHttpResponseCodec.decode(W3CHttpResponseCodec.java:133)
	at org.openqa.selenium.remote.codec.w3c.W3CHttpResponseCodec.decode(W3CHttpResponseCodec.java:53)
	at org.openqa.selenium.remote.HttpCommandExecutor.execute(HttpCommandExecutor.java:184)
	at org.openqa.selenium.remote.service.DriverCommandExecutor.invokeExecute(DriverCommandExecutor.java:167)
	at org.openqa.selenium.remote.service.DriverCommandExecutor.execute(DriverCommandExecutor.java:142)
	at org.openqa.selenium.remote.RemoteWebDriver.execute(RemoteWebDriver.java:567)
	at org.openqa.selenium.remote.RemoteWebElement.execute(RemoteWebElement.java:251)
	at org.openqa.selenium.remote.RemoteWebElement.click(RemoteWebElement.java:77)
	at utilities.ReusableMethods.lambda$selectObjectMenu$0(ReusableMethods.java:268)
	at java.base/java.util.ArrayList$ArrayListSpliterator.forEachRemaining(ArrayList.java:1625)
	at java.base/java.util.stream.ReferencePipeline$Head.forEach(ReferencePipeline.java:762)
	at utilities.ReusableMethods.selectObjectMenu(ReusableMethods.java:268)
	at stepDefinitions.AbbasDefinition.acilan_pencerede_urunun_rengi_secilebilmeli_birden_fazla(AbbasDefinition.java:83)
	at ✽.Acilan pencerede urunun rengi secilebilmeli birden fazla(file:///Users/orhan/IdeaProjects/Team_22_Cucumber-Project/src/test/resources/features/US010.feature:22)
]]></failure>
    </testcase>
    <testcase classname="US015 TC001 - 002 - 003" name="TC001" time="18.278">
        <failure message="no such element: Unable to locate element: {&quot;method&quot;:&quot;xpath&quot;,&quot;selector&quot;:&quot;//*[text()='Sign In']&quot;}&#10;  (Session info: chrome=107.0.5304.62)&#10;For documentation on this error, please visit: https://selenium.dev/exceptions/#no_such_element&#10;Build info: version: '4.1.3', revision: '7b1ebf28ef'&#10;System info: host: 'Orhan-MacBook-Air.local', ip: 'fe80:0:0:0:1872:9e07:ac6d:ad79%en0', os.name: 'Mac OS X', os.arch: 'aarch64', os.version: '13.0', java.version: '18.0.2.1'&#10;Driver info: org.openqa.selenium.chrome.ChromeDriver&#10;Command: [6ffa13a925f9ed72ecdb8b3ddf431e7b, findElement {using=xpath, value=//*[text()='Sign In']}]&#10;Capabilities {acceptInsecureCerts: false, browserName: chrome, browserVersion: 107.0.5304.62, chrome: {chromedriverVersion: 107.0.5304.62 (1eec40d3a576..., userDataDir: /var/folders/2j/9_rxwkf529d...}, goog:chromeOptions: {debuggerAddress: localhost:50835}, javascriptEnabled: true, networkConnectionEnabled: false, pageLoadStrategy: normal, platform: MAC, platformName: MAC, proxy: Proxy(), se:cdp: ws://localhost:50835/devtoo..., se:cdpVersion: 107.0.5304.62, setWindowRect: true, strictFileInteractability: false, timeouts: {implicit: 0, pageLoad: 300000, script: 30000}, unhandledPromptBehavior: dismiss and notify, webauthn:extension:credBlob: true, webauthn:extension:largeBlob: true, webauthn:virtualAuthenticators: true}&#10;Session ID: 6ffa13a925f9ed72ecdb8b3ddf431e7b" type="org.openqa.selenium.NoSuchElementException"><![CDATA[Given Belirtilen "allowerURL" e gidilir.....................................passed
Then Sign In butonuna tiklanir..............................................failed
Then Kullanici "allowercommerceUserName" ve "allowercommercePassword" bilgileri girilir.skipped
When My Account a tiklanir..................................................skipped
When Store Manager a tiklanir...............................................skipped
And Coupons basligina tiklanir..............................................skipped
And Istenen coupon tiklanir.................................................skipped
Given Limit sekmesine tiklanir..............................................skipped
Then Usage limit per coupon kutusuna "16" miktar yazilir....................skipped
When Submit butonuna basilir................................................skipped
And Submit oldugu test edilir...............................................skipped
And Sayfa kapatilir.........................................................skipped

StackTrace:
org.openqa.selenium.NoSuchElementException: no such element: Unable to locate element: {"method":"xpath","selector":"//*[text()='Sign In']"}
  (Session info: chrome=107.0.5304.62)
For documentation on this error, please visit: https://selenium.dev/exceptions/#no_such_element
Build info: version: '4.1.3', revision: '7b1ebf28ef'
System info: host: 'Orhan-MacBook-Air.local', ip: 'fe80:0:0:0:1872:9e07:ac6d:ad79%en0', os.name: 'Mac OS X', os.arch: 'aarch64', os.version: '13.0', java.version: '18.0.2.1'
Driver info: org.openqa.selenium.chrome.ChromeDriver
Command: [6ffa13a925f9ed72ecdb8b3ddf431e7b, findElement {using=xpath, value=//*[text()='Sign In']}]
Capabilities {acceptInsecureCerts: false, browserName: chrome, browserVersion: 107.0.5304.62, chrome: {chromedriverVersion: 107.0.5304.62 (1eec40d3a576..., userDataDir: /var/folders/2j/9_rxwkf529d...}, goog:chromeOptions: {debuggerAddress: localhost:50835}, javascriptEnabled: true, networkConnectionEnabled: false, pageLoadStrategy: normal, platform: MAC, platformName: MAC, proxy: Proxy(), se:cdp: ws://localhost:50835/devtoo..., se:cdpVersion: 107.0.5304.62, setWindowRect: true, strictFileInteractability: false, timeouts: {implicit: 0, pageLoad: 300000, script: 30000}, unhandledPromptBehavior: dismiss and notify, webauthn:extension:credBlob: true, webauthn:extension:largeBlob: true, webauthn:virtualAuthenticators: true}
Session ID: 6ffa13a925f9ed72ecdb8b3ddf431e7b
	at java.base/jdk.internal.reflect.DirectConstructorHandleAccessor.newInstance(DirectConstructorHandleAccessor.java:67)
	at java.base/java.lang.reflect.Constructor.newInstanceWithCaller(Constructor.java:499)
	at java.base/java.lang.reflect.Constructor.newInstance(Constructor.java:483)
	at org.openqa.selenium.remote.codec.w3c.W3CHttpResponseCodec.createException(W3CHttpResponseCodec.java:200)
	at org.openqa.selenium.remote.codec.w3c.W3CHttpResponseCodec.decode(W3CHttpResponseCodec.java:133)
	at org.openqa.selenium.remote.codec.w3c.W3CHttpResponseCodec.decode(W3CHttpResponseCodec.java:53)
	at org.openqa.selenium.remote.HttpCommandExecutor.execute(HttpCommandExecutor.java:184)
	at org.openqa.selenium.remote.service.DriverCommandExecutor.invokeExecute(DriverCommandExecutor.java:167)
	at org.openqa.selenium.remote.service.DriverCommandExecutor.execute(DriverCommandExecutor.java:142)
	at org.openqa.selenium.remote.RemoteWebDriver.execute(RemoteWebDriver.java:567)
	at org.openqa.selenium.remote.ElementLocation$ElementFinder$2.findElement(ElementLocation.java:162)
	at org.openqa.selenium.remote.ElementLocation.findElement(ElementLocation.java:60)
	at org.openqa.selenium.remote.RemoteWebDriver.findElement(RemoteWebDriver.java:385)
	at org.openqa.selenium.remote.RemoteWebDriver.findElement(RemoteWebDriver.java:377)
	at org.openqa.selenium.support.pagefactory.DefaultElementLocator.findElement(DefaultElementLocator.java:70)
	at org.openqa.selenium.support.pagefactory.internal.LocatingElementHandler.invoke(LocatingElementHandler.java:39)
	at jdk.proxy2/jdk.proxy2.$Proxy22.click(Unknown Source)
	at stepDefinitions.OrhanStepDefinition.signInButonunaTiklanir(OrhanStepDefinition.java:30)
	at ✽.Sign In butonuna tiklanir(file:///Users/orhan/IdeaProjects/Team_22_Cucumber-Project/src/test/resources/features/US015.feature:7)
]]></failure>
    </testcase>
    <testcase classname="US015 TC001 - 002 - 003" name="TC002" time="19.24">
        <failure message="no such element: Unable to locate element: {&quot;method&quot;:&quot;xpath&quot;,&quot;selector&quot;:&quot;//*[text()='Sign In']&quot;}&#10;  (Session info: chrome=107.0.5304.62)&#10;For documentation on this error, please visit: https://selenium.dev/exceptions/#no_such_element&#10;Build info: version: '4.1.3', revision: '7b1ebf28ef'&#10;System info: host: 'Orhan-MacBook-Air.local', ip: 'fe80:0:0:0:1872:9e07:ac6d:ad79%en0', os.name: 'Mac OS X', os.arch: 'aarch64', os.version: '13.0', java.version: '18.0.2.1'&#10;Driver info: org.openqa.selenium.chrome.ChromeDriver&#10;Command: [6ffa13a925f9ed72ecdb8b3ddf431e7b, findElement {using=xpath, value=//*[text()='Sign In']}]&#10;Capabilities {acceptInsecureCerts: false, browserName: chrome, browserVersion: 107.0.5304.62, chrome: {chromedriverVersion: 107.0.5304.62 (1eec40d3a576..., userDataDir: /var/folders/2j/9_rxwkf529d...}, goog:chromeOptions: {debuggerAddress: localhost:50835}, javascriptEnabled: true, networkConnectionEnabled: false, pageLoadStrategy: normal, platform: MAC, platformName: MAC, proxy: Proxy(), se:cdp: ws://localhost:50835/devtoo..., se:cdpVersion: 107.0.5304.62, setWindowRect: true, strictFileInteractability: false, timeouts: {implicit: 0, pageLoad: 300000, script: 30000}, unhandledPromptBehavior: dismiss and notify, webauthn:extension:credBlob: true, webauthn:extension:largeBlob: true, webauthn:virtualAuthenticators: true}&#10;Session ID: 6ffa13a925f9ed72ecdb8b3ddf431e7b" type="org.openqa.selenium.NoSuchElementException"><![CDATA[Given Belirtilen "allowerURL" e gidilir.....................................passed
Then Sign In butonuna tiklanir..............................................failed
Then Kullanici "allowercommerceUserName" ve "allowercommercePassword" bilgileri girilir.skipped
When My Account a tiklanir..................................................skipped
When Store Manager a tiklanir...............................................skipped
And Coupons basligina tiklanir..............................................skipped
And Istenen coupon tiklanir.................................................skipped
Given Limit sekmesine tiklanir..............................................skipped
Then Limit usage to X items kutusuna "12" miktar yazilir....................skipped
When Submit butonuna basilir................................................skipped
And Submit oldugu test edilir...............................................skipped
And Sayfa kapatilir.........................................................skipped

StackTrace:
org.openqa.selenium.NoSuchElementException: no such element: Unable to locate element: {"method":"xpath","selector":"//*[text()='Sign In']"}
  (Session info: chrome=107.0.5304.62)
For documentation on this error, please visit: https://selenium.dev/exceptions/#no_such_element
Build info: version: '4.1.3', revision: '7b1ebf28ef'
System info: host: 'Orhan-MacBook-Air.local', ip: 'fe80:0:0:0:1872:9e07:ac6d:ad79%en0', os.name: 'Mac OS X', os.arch: 'aarch64', os.version: '13.0', java.version: '18.0.2.1'
Driver info: org.openqa.selenium.chrome.ChromeDriver
Command: [6ffa13a925f9ed72ecdb8b3ddf431e7b, findElement {using=xpath, value=//*[text()='Sign In']}]
Capabilities {acceptInsecureCerts: false, browserName: chrome, browserVersion: 107.0.5304.62, chrome: {chromedriverVersion: 107.0.5304.62 (1eec40d3a576..., userDataDir: /var/folders/2j/9_rxwkf529d...}, goog:chromeOptions: {debuggerAddress: localhost:50835}, javascriptEnabled: true, networkConnectionEnabled: false, pageLoadStrategy: normal, platform: MAC, platformName: MAC, proxy: Proxy(), se:cdp: ws://localhost:50835/devtoo..., se:cdpVersion: 107.0.5304.62, setWindowRect: true, strictFileInteractability: false, timeouts: {implicit: 0, pageLoad: 300000, script: 30000}, unhandledPromptBehavior: dismiss and notify, webauthn:extension:credBlob: true, webauthn:extension:largeBlob: true, webauthn:virtualAuthenticators: true}
Session ID: 6ffa13a925f9ed72ecdb8b3ddf431e7b
	at java.base/jdk.internal.reflect.DirectConstructorHandleAccessor.newInstance(DirectConstructorHandleAccessor.java:67)
	at java.base/java.lang.reflect.Constructor.newInstanceWithCaller(Constructor.java:499)
	at java.base/java.lang.reflect.Constructor.newInstance(Constructor.java:483)
	at org.openqa.selenium.remote.codec.w3c.W3CHttpResponseCodec.createException(W3CHttpResponseCodec.java:200)
	at org.openqa.selenium.remote.codec.w3c.W3CHttpResponseCodec.decode(W3CHttpResponseCodec.java:133)
	at org.openqa.selenium.remote.codec.w3c.W3CHttpResponseCodec.decode(W3CHttpResponseCodec.java:53)
	at org.openqa.selenium.remote.HttpCommandExecutor.execute(HttpCommandExecutor.java:184)
	at org.openqa.selenium.remote.service.DriverCommandExecutor.invokeExecute(DriverCommandExecutor.java:167)
	at org.openqa.selenium.remote.service.DriverCommandExecutor.execute(DriverCommandExecutor.java:142)
	at org.openqa.selenium.remote.RemoteWebDriver.execute(RemoteWebDriver.java:567)
	at org.openqa.selenium.remote.ElementLocation$ElementFinder$2.findElement(ElementLocation.java:162)
	at org.openqa.selenium.remote.ElementLocation.findElement(ElementLocation.java:60)
	at org.openqa.selenium.remote.RemoteWebDriver.findElement(RemoteWebDriver.java:385)
	at org.openqa.selenium.remote.RemoteWebDriver.findElement(RemoteWebDriver.java:377)
	at org.openqa.selenium.support.pagefactory.DefaultElementLocator.findElement(DefaultElementLocator.java:70)
	at org.openqa.selenium.support.pagefactory.internal.LocatingElementHandler.invoke(LocatingElementHandler.java:39)
	at jdk.proxy2/jdk.proxy2.$Proxy22.click(Unknown Source)
	at stepDefinitions.OrhanStepDefinition.signInButonunaTiklanir(OrhanStepDefinition.java:30)
	at ✽.Sign In butonuna tiklanir(file:///Users/orhan/IdeaProjects/Team_22_Cucumber-Project/src/test/resources/features/US015.feature:7)
]]></failure>
    </testcase>
    <testcase classname="US015 TC001 - 002 - 003" name="TC003" time="18.454">
        <failure message="no such element: Unable to locate element: {&quot;method&quot;:&quot;xpath&quot;,&quot;selector&quot;:&quot;//*[text()='Sign In']&quot;}&#10;  (Session info: chrome=107.0.5304.62)&#10;For documentation on this error, please visit: https://selenium.dev/exceptions/#no_such_element&#10;Build info: version: '4.1.3', revision: '7b1ebf28ef'&#10;System info: host: 'Orhan-MacBook-Air.local', ip: 'fe80:0:0:0:1872:9e07:ac6d:ad79%en0', os.name: 'Mac OS X', os.arch: 'aarch64', os.version: '13.0', java.version: '18.0.2.1'&#10;Driver info: org.openqa.selenium.chrome.ChromeDriver&#10;Command: [6ffa13a925f9ed72ecdb8b3ddf431e7b, findElement {using=xpath, value=//*[text()='Sign In']}]&#10;Capabilities {acceptInsecureCerts: false, browserName: chrome, browserVersion: 107.0.5304.62, chrome: {chromedriverVersion: 107.0.5304.62 (1eec40d3a576..., userDataDir: /var/folders/2j/9_rxwkf529d...}, goog:chromeOptions: {debuggerAddress: localhost:50835}, javascriptEnabled: true, networkConnectionEnabled: false, pageLoadStrategy: normal, platform: MAC, platformName: MAC, proxy: Proxy(), se:cdp: ws://localhost:50835/devtoo..., se:cdpVersion: 107.0.5304.62, setWindowRect: true, strictFileInteractability: false, timeouts: {implicit: 0, pageLoad: 300000, script: 30000}, unhandledPromptBehavior: dismiss and notify, webauthn:extension:credBlob: true, webauthn:extension:largeBlob: true, webauthn:virtualAuthenticators: true}&#10;Session ID: 6ffa13a925f9ed72ecdb8b3ddf431e7b" type="org.openqa.selenium.NoSuchElementException"><![CDATA[Given Belirtilen "allowerURL" e gidilir.....................................passed
Then Sign In butonuna tiklanir..............................................failed
Then Kullanici "allowercommerceUserName" ve "allowercommercePassword" bilgileri girilir.skipped
When My Account a tiklanir..................................................skipped
When Store Manager a tiklanir...............................................skipped
And Coupons basligina tiklanir..............................................skipped
And Istenen coupon tiklanir.................................................skipped
Given Limit sekmesine tiklanir..............................................skipped
Then Usage limit per user kutusuna "11" miktar yazilir......................skipped
When Submit butonuna basilir................................................skipped
And Submit oldugu test edilir...............................................skipped
And Sayfa kapatilir.........................................................skipped

StackTrace:
org.openqa.selenium.NoSuchElementException: no such element: Unable to locate element: {"method":"xpath","selector":"//*[text()='Sign In']"}
  (Session info: chrome=107.0.5304.62)
For documentation on this error, please visit: https://selenium.dev/exceptions/#no_such_element
Build info: version: '4.1.3', revision: '7b1ebf28ef'
System info: host: 'Orhan-MacBook-Air.local', ip: 'fe80:0:0:0:1872:9e07:ac6d:ad79%en0', os.name: 'Mac OS X', os.arch: 'aarch64', os.version: '13.0', java.version: '18.0.2.1'
Driver info: org.openqa.selenium.chrome.ChromeDriver
Command: [6ffa13a925f9ed72ecdb8b3ddf431e7b, findElement {using=xpath, value=//*[text()='Sign In']}]
Capabilities {acceptInsecureCerts: false, browserName: chrome, browserVersion: 107.0.5304.62, chrome: {chromedriverVersion: 107.0.5304.62 (1eec40d3a576..., userDataDir: /var/folders/2j/9_rxwkf529d...}, goog:chromeOptions: {debuggerAddress: localhost:50835}, javascriptEnabled: true, networkConnectionEnabled: false, pageLoadStrategy: normal, platform: MAC, platformName: MAC, proxy: Proxy(), se:cdp: ws://localhost:50835/devtoo..., se:cdpVersion: 107.0.5304.62, setWindowRect: true, strictFileInteractability: false, timeouts: {implicit: 0, pageLoad: 300000, script: 30000}, unhandledPromptBehavior: dismiss and notify, webauthn:extension:credBlob: true, webauthn:extension:largeBlob: true, webauthn:virtualAuthenticators: true}
Session ID: 6ffa13a925f9ed72ecdb8b3ddf431e7b
	at java.base/jdk.internal.reflect.DirectConstructorHandleAccessor.newInstance(DirectConstructorHandleAccessor.java:67)
	at java.base/java.lang.reflect.Constructor.newInstanceWithCaller(Constructor.java:499)
	at java.base/java.lang.reflect.Constructor.newInstance(Constructor.java:483)
	at org.openqa.selenium.remote.codec.w3c.W3CHttpResponseCodec.createException(W3CHttpResponseCodec.java:200)
	at org.openqa.selenium.remote.codec.w3c.W3CHttpResponseCodec.decode(W3CHttpResponseCodec.java:133)
	at org.openqa.selenium.remote.codec.w3c.W3CHttpResponseCodec.decode(W3CHttpResponseCodec.java:53)
	at org.openqa.selenium.remote.HttpCommandExecutor.execute(HttpCommandExecutor.java:184)
	at org.openqa.selenium.remote.service.DriverCommandExecutor.invokeExecute(DriverCommandExecutor.java:167)
	at org.openqa.selenium.remote.service.DriverCommandExecutor.execute(DriverCommandExecutor.java:142)
	at org.openqa.selenium.remote.RemoteWebDriver.execute(RemoteWebDriver.java:567)
	at org.openqa.selenium.remote.ElementLocation$ElementFinder$2.findElement(ElementLocation.java:162)
	at org.openqa.selenium.remote.ElementLocation.findElement(ElementLocation.java:60)
	at org.openqa.selenium.remote.RemoteWebDriver.findElement(RemoteWebDriver.java:385)
	at org.openqa.selenium.remote.RemoteWebDriver.findElement(RemoteWebDriver.java:377)
	at org.openqa.selenium.support.pagefactory.DefaultElementLocator.findElement(DefaultElementLocator.java:70)
	at org.openqa.selenium.support.pagefactory.internal.LocatingElementHandler.invoke(LocatingElementHandler.java:39)
	at jdk.proxy2/jdk.proxy2.$Proxy22.click(Unknown Source)
	at stepDefinitions.OrhanStepDefinition.signInButonunaTiklanir(OrhanStepDefinition.java:30)
	at ✽.Sign In butonuna tiklanir(file:///Users/orhan/IdeaProjects/Team_22_Cucumber-Project/src/test/resources/features/US015.feature:7)
]]></failure>
    </testcase>
</testsuite>
